2024-08-17 12:29:54,394 p=182039 u=vagrant n=ansible | PLAY [Setup WebServer] *****************************************************************************************************************************************************
2024-08-17 12:29:54,406 p=182039 u=vagrant n=ansible | TASK [Gathering Facts] *****************************************************************************************************************************************************
2024-08-17 12:29:56,749 p=182039 u=vagrant n=ansible | ok: [web1]
2024-08-17 12:29:56,759 p=182039 u=vagrant n=ansible | TASK [Install apache2] *****************************************************************************************************************************************************
2024-08-17 12:29:58,108 p=182039 u=vagrant n=ansible | ok: [web1]
2024-08-17 12:29:58,114 p=182039 u=vagrant n=ansible | TASK [Start apache2] *******************************************************************************************************************************************************
2024-08-17 12:29:58,800 p=182039 u=vagrant n=ansible | ok: [web1]
2024-08-17 12:29:58,806 p=182039 u=vagrant n=ansible | TASK [Deploy webconfig] ****************************************************************************************************************************************************
2024-08-17 12:29:59,172 p=182039 u=vagrant n=ansible | fatal: [web1]: FAILED! => {"changed": false, "gid": 0, "group": "root", "mode": "0644", "msg": "src option requires state to be 'link' or 'hard'", "owner": "root", "path": "/var/www/html/index.html", "size": 117, "state": "file", "uid": 0}
2024-08-17 12:29:59,173 p=182039 u=vagrant n=ansible | PLAY RECAP *****************************************************************************************************************************************************************
2024-08-17 12:29:59,177 p=182039 u=vagrant n=ansible | web1                       : ok=3    changed=0    unreachable=0    failed=1    skipped=0    rescued=0    ignored=0   
2024-08-17 12:32:11,962 p=182198 u=vagrant n=ansible | PLAY [Setup WebServer] *****************************************************************************************************************************************************
2024-08-17 12:32:11,970 p=182198 u=vagrant n=ansible | TASK [Gathering Facts] *****************************************************************************************************************************************************
2024-08-17 12:32:13,547 p=182198 u=vagrant n=ansible | ok: [web1]
2024-08-17 12:32:13,557 p=182198 u=vagrant n=ansible | TASK [Install apache2] *****************************************************************************************************************************************************
2024-08-17 12:32:14,672 p=182198 u=vagrant n=ansible | ok: [web1]
2024-08-17 12:32:14,680 p=182198 u=vagrant n=ansible | TASK [Start apache2] *******************************************************************************************************************************************************
2024-08-17 12:32:15,318 p=182198 u=vagrant n=ansible | ok: [web1]
2024-08-17 12:32:15,326 p=182198 u=vagrant n=ansible | TASK [Deploy webconfig] ****************************************************************************************************************************************************
2024-08-17 12:32:15,973 p=182198 u=vagrant n=ansible | ok: [web1]
2024-08-17 12:32:15,983 p=182198 u=vagrant n=ansible | PLAY [Setup DB Server] *****************************************************************************************************************************************************
2024-08-17 12:32:15,989 p=182198 u=vagrant n=ansible | TASK [Gathering Facts] *****************************************************************************************************************************************************
2024-08-17 12:32:26,022 p=182198 u=vagrant n=ansible | fatal: [db1]: UNREACHABLE! => {"changed": false, "msg": "Failed to connect to the host via ssh: ssh: connect to host 192.168.213.40 port 22: Connection timed out", "unreachable": true}
2024-08-17 12:32:26,023 p=182198 u=vagrant n=ansible | PLAY RECAP *****************************************************************************************************************************************************************
2024-08-17 12:32:26,024 p=182198 u=vagrant n=ansible | db1                        : ok=0    changed=0    unreachable=1    failed=0    skipped=0    rescued=0    ignored=0   
2024-08-17 12:32:26,024 p=182198 u=vagrant n=ansible | web1                       : ok=4    changed=0    unreachable=0    failed=0    skipped=0    rescued=0    ignored=0   
